The system is: Linux - 5.15.0-1027-gcp - x86_64
Compiling the CXX compiler identification source file "CMakeCXXCompilerId.cpp" succeeded.
Compiler: /nix/store/4xs1xyj8728yvh9y5v6ji819kwgfy2fv-gcc-wrapper-10.3.0/bin/g++ 
Build flags: 
Id flags:  

The output was:
0


Compilation of the CXX compiler identification source "CMakeCXXCompilerId.cpp" produced "a.out"

The CXX compiler identification is GNU, found in "/home/runner/Caesar-Cipher-1-comp-339-439-ds-1/CMakeFiles/3.19.7/CompilerIdCXX/a.out"

Detecting CXX compiler ABI info compiled with the following output:
Change Dir: /home/runner/Caesar-Cipher-1-comp-339-439-ds-1/CMakeFiles/CMakeTmp

Run Build Command(s):/nix/store/pvkiiw0mp1yx0b21b7k105yywccychgh-gnumake-4.3/bin/make cmTC_3c32d/fast && /nix/store/pvkiiw0mp1yx0b21b7k105yywccychgh-gnumake-4.3/bin/make  -f CMakeFiles/cmTC_3c32d.dir/build.make CMakeFiles/cmTC_3c32d.dir/build
make[1]: Entering directory '/home/runner/Caesar-Cipher-1-comp-339-439-ds-1/CMakeFiles/CMakeTmp'
Building CXX object CMakeFiles/cmTC_3c32d.dir/CMakeCXXCompilerABI.cpp.o
/nix/store/4xs1xyj8728yvh9y5v6ji819kwgfy2fv-gcc-wrapper-10.3.0/bin/g++   -v -o CMakeFiles/cmTC_3c32d.dir/CMakeCXXCompilerABI.cpp.o -c /nix/store/cbxqzxwlga5pm9rk8qa8fgv5387r540l-cmake-3.19.7/share/cmake-3.19/Modules/CMakeCXXCompilerABI.cpp
Using built-in specs.
COLLECT_GCC=/nix/store/dlni53myj53kx20pi4yhm7p68lw17b07-gcc-10.3.0/bin/g++
Target: x86_64-unknown-linux-gnu
Configured with: 
Thread model: posix
Supported LTO compression algorithms: zlib
gcc version 10.3.0 (GCC) 
COLLECT_GCC_OPTIONS='-O2' '-D' '_FORTIFY_SOURCE=2' '-fstack-protector-strong' '--param=ssp-buffer-size=4' '-fno-strict-overflow' '-Wformat=1' '-Wformat-security' '-Werror=format-security' '-fPIC' '-v' '-o' 'CMakeFiles/cmTC_3c32d.dir/CMakeCXXCompilerABI.cpp.o' '-c' '-B' '/nix/store/0kiykyrnrpfhmjwxwx89kxr20hmf5304-gcc-10.3.0-lib/lib' '-B' '/nix/store/9bh3986bpragfjmr32gay8p95k91q4gy-glibc-2.33-47/lib/' '-idirafter' '/nix/store/iwd8ic5hhwdxn5dga0im55g5hjl270cd-glibc-2.33-47-dev/include' '-idirafter' '/nix/store/dlni53myj53kx20pi4yhm7p68lw17b07-gcc-10.3.0/lib/gcc/x86_64-unknown-linux-gnu/10.3.0/include-fixed' '-B' '/nix/store/4xs1xyj8728yvh9y5v6ji819kwgfy2fv-gcc-wrapper-10.3.0/bin/' '-frandom-seed=xp9l3142sm' '-isystem' '/nix/store/xg2kmqmmdb421ff9wi8s2a3pz8rm4xcn-aspell-0.60.8/include' '-isystem' '/nix/store/wx014fbhv8ssxbn076skz4rwn55qcgpd-gdb-10.2/include' '-isystem' '/nix/store/kv7gdfwfv63vbih3q08ldvrclhhd6j20-compiler-rt-libc-12.0.1-dev/include' '-isystem' '/nix/store/xg2kmqmmdb421ff9wi8s2a3pz8rm4xcn-aspell-0.60.8/include' '-isystem' '/nix/store/wx014fbhv8ssxbn076skz4rwn55qcgpd-gdb-10.2/include' '-isystem' '/nix/store/kv7gdfwfv63vbih3q08ldvrclhhd6j20-compiler-rt-libc-12.0.1-dev/include' '-isystem' '/nix/store/xg2kmqmmdb421ff9wi8s2a3pz8rm4xcn-aspell-0.60.8/include' '-isystem' '/nix/store/wx014fbhv8ssxbn076skz4rwn55qcgpd-gdb-10.2/include' '-isystem' '/nix/store/kv7gdfwfv63vbih3q08ldvrclhhd6j20-compiler-rt-libc-12.0.1-dev/include' '-shared-libgcc' '-mtune=generic' '-march=x86-64' '-fcommon'
 /nix/store/dlni53myj53kx20pi4yhm7p68lw17b07-gcc-10.3.0/libexec/gcc/x86_64-unknown-linux-gnu/10.3.0/cc1plus -quiet -v -D_GNU_SOURCE -D _FORTIFY_SOURCE=2 -idirafter /nix/store/iwd8ic5hhwdxn5dga0im55g5hjl270cd-glibc-2.33-47-dev/include -idirafter /nix/store/dlni53myj53kx20pi4yhm7p68lw17b07-gcc-10.3.0/lib/gcc/x86_64-unknown-linux-gnu/10.3.0/include-fixed -isystem /nix/store/xg2kmqmmdb421ff9wi8s2a3pz8rm4xcn-aspell-0.60.8/include -isystem /nix/store/wx014fbhv8ssxbn076skz4rwn55qcgpd-gdb-10.2/include -isystem /nix/store/kv7gdfwfv63vbih3q08ldvrclhhd6j20-compiler-rt-libc-12.0.1-dev/include -isystem /nix/store/xg2kmqmmdb421ff9wi8s2a3pz8rm4xcn-aspell-0.60.8/include -isystem /nix/store/wx014fbhv8ssxbn076skz4rwn55qcgpd-gdb-10.2/include -isystem /nix/store/kv7gdfwfv63vbih3q08ldvrclhhd6j20-compiler-rt-libc-12.0.1-dev/include -isystem /nix/store/xg2kmqmmdb421ff9wi8s2a3pz8rm4xcn-aspell-0.60.8/include -isystem /nix/store/wx014fbhv8ssxbn076skz4rwn55qcgpd-gdb-10.2/include -isystem /nix/store/kv7gdfwfv63vbih3q08ldvrclhhd6j20-compiler-rt-libc-12.0.1-dev/include /nix/store/cbxqzxwlga5pm9rk8qa8fgv5387r540l-cmake-3.19.7/share/cmake-3.19/Modules/CMakeCXXCompilerABI.cpp -quiet -dumpbase CMakeCXXCompilerABI.cpp -mtune=generic -march=x86-64 -auxbase-strip CMakeFiles/cmTC_3c32d.dir/CMakeCXXCompilerABI.cpp.o -O2 -Wformat=1 -Wformat-security -Werror=format-security -version -fstack-protector-strong -fno-strict-overflow -fPIC -frandom-seed=xp9l3142sm -fcommon --param=ssp-buffer-size=4 -o /tmp/cctn5F16.s
GNU C++14 (GCC) version 10.3.0 (x86_64-unknown-linux-gnu)
	compiled by GNU C version 10.3.0, GMP version 6.2.1, MPFR version 4.1.0, MPC version 1.2.1, isl version isl-0.20-GMP

GGC heuristics: --param ggc-min-expand=100 --param ggc-min-heapsize=131072
ignoring duplicate directory "/nix/store/xg2kmqmmdb421ff9wi8s2a3pz8rm4xcn-aspell-0.60.8/include"
ignoring duplicate directory "/nix/store/wx014fbhv8ssxbn076skz4rwn55qcgpd-gdb-10.2/include"
ignoring duplicate directory "/nix/store/kv7gdfwfv63vbih3q08ldvrclhhd6j20-compiler-rt-libc-12.0.1-dev/include"
ignoring duplicate directory "/nix/store/xg2kmqmmdb421ff9wi8s2a3pz8rm4xcn-aspell-0.60.8/include"
ignoring duplicate directory "/nix/store/wx014fbhv8ssxbn076skz4rwn55qcgpd-gdb-10.2/include"
ignoring duplicate directory "/nix/store/kv7gdfwfv63vbih3q08ldvrclhhd6j20-compiler-rt-libc-12.0.1-dev/include"
ignoring nonexistent directory "/nix/store/dlni53myj53kx20pi4yhm7p68lw17b07-gcc-10.3.0/lib/gcc/x86_64-unknown-linux-gnu/10.3.0/../../../../x86_64-unknown-linux-gnu/include"
ignoring duplicate directory "/nix/store/iwd8ic5hhwdxn5dga0im55g5hjl270cd-glibc-2.33-47-dev/include"
ignoring duplicate directory "/nix/store/dlni53myj53kx20pi4yhm7p68lw17b07-gcc-10.3.0/lib/gcc/x86_64-unknown-linux-gnu/10.3.0/include-fixed"
#include "..." search starts here:
#include <...> search starts here:
 /nix/store/xg2kmqmmdb421ff9wi8s2a3pz8rm4xcn-aspell-0.60.8/include
 /nix/store/wx014fbhv8ssxbn076skz4rwn55qcgpd-gdb-10.2/include
 /nix/store/kv7gdfwfv63vbih3q08ldvrclhhd6j20-compiler-rt-libc-12.0.1-dev/include
 /nix/store/dlni53myj53kx20pi4yhm7p68lw17b07-gcc-10.3.0/lib/gcc/x86_64-unknown-linux-gnu/10.3.0/../../../../include/c++/10.3.0
 /nix/store/dlni53myj53kx20pi4yhm7p68lw17b07-gcc-10.3.0/lib/gcc/x86_64-unknown-linux-gnu/10.3.0/../../../../include/c++/10.3.0/x86_64-unknown-linux-gnu
 /nix/store/dlni53myj53kx20pi4yhm7p68lw17b07-gcc-10.3.0/lib/gcc/x86_64-unknown-linux-gnu/10.3.0/../../../../include/c++/10.3.0/backward
 /nix/store/dlni53myj53kx20pi4yhm7p68lw17b07-gcc-10.3.0/lib/gcc/x86_64-unknown-linux-gnu/10.3.0/include
 /nix/store/dlni53myj53kx20pi4yhm7p68lw17b07-gcc-10.3.0/include
 /nix/store/dlni53myj53kx20pi4yhm7p68lw17b07-gcc-10.3.0/lib/gcc/x86_64-unknown-linux-gnu/10.3.0/include-fixed
 /nix/store/iwd8ic5hhwdxn5dga0im55g5hjl270cd-glibc-2.33-47-dev/include
End of search list.
GNU C++14 (GCC) version 10.3.0 (x86_64-unknown-linux-gnu)
	compiled by GNU C version 10.3.0, GMP version 6.2.1, MPFR version 4.1.0, MPC version 1.2.1, isl version isl-0.20-GMP

GGC heuristics: --param ggc-min-expand=100 --param ggc-min-heapsize=131072
Compiler executable checksum: 18d7017847d8829a5e71125b12bb1fcc
COLLECT_GCC_OPTIONS='-O2' '-D' '_FORTIFY_SOURCE=2' '-fstack-protector-strong' '--param=ssp-buffer-size=4' '-fno-strict-overflow' '-Wformat=1' '-Wformat-security' '-Werror=format-security' '-fPIC' '-v' '-o' 'CMakeFiles/cmTC_3c32d.dir/CMakeCXXCompilerABI.cpp.o' '-c' '-B' '/nix/store/0kiykyrnrpfhmjwxwx89kxr20hmf5304-gcc-10.3.0-lib/lib' '-B' '/nix/store/9bh3986bpragfjmr32gay8p95k91q4gy-glibc-2.33-47/lib/' '-idirafter' '/nix/store/iwd8ic5hhwdxn5dga0im55g5hjl270cd-glibc-2.33-47-dev/include' '-idirafter' '/nix/store/dlni53myj53kx20pi4yhm7p68lw17b07-gcc-10.3.0/lib/gcc/x86_64-unknown-linux-gnu/10.3.0/include-fixed' '-B' '/nix/store/4xs1xyj8728yvh9y5v6ji819kwgfy2fv-gcc-wrapper-10.3.0/bin/' '-frandom-seed=xp9l3142sm' '-isystem' '/nix/store/xg2kmqmmdb421ff9wi8s2a3pz8rm4xcn-aspell-0.60.8/include' '-isystem' '/nix/store/wx014fbhv8ssxbn076skz4rwn55qcgpd-gdb-10.2/include' '-isystem' '/nix/store/kv7gdfwfv63vbih3q08ldvrclhhd6j20-compiler-rt-libc-12.0.1-dev/include' '-isystem' '/nix/store/xg2kmqmmdb421ff9wi8s2a3pz8rm4xcn-aspell-0.60.8/include' '-isystem' '/nix/store/wx014fbhv8ssxbn076skz4rwn55qcgpd-gdb-10.2/include' '-isystem' '/nix/store/kv7gdfwfv63vbih3q08ldvrclhhd6j20-compiler-rt-libc-12.0.1-dev/include' '-isystem' '/nix/store/xg2kmqmmdb421ff9wi8s2a3pz8rm4xcn-aspell-0.60.8/include' '-isystem' '/nix/store/wx014fbhv8ssxbn076skz4rwn55qcgpd-gdb-10.2/include' '-isystem' '/nix/store/kv7gdfwfv63vbih3q08ldvrclhhd6j20-compiler-rt-libc-12.0.1-dev/include' '-shared-libgcc' '-mtune=generic' '-march=x86-64' '-fcommon'
 /nix/store/4xs1xyj8728yvh9y5v6ji819kwgfy2fv-gcc-wrapper-10.3.0/bin/as -v --64 -o CMakeFiles/cmTC_3c32d.dir/CMakeCXXCompilerABI.cpp.o /tmp/cctn5F16.s
GNU assembler version 2.35.1 (x86_64-unknown-linux-gnu) using BFD version (GNU Binutils) 2.35.1
COMPILER_PATH=/nix/store/0kiykyrnrpfhmjwxwx89kxr20hmf5304-gcc-10.3.0-lib/lib/:/nix/store/9bh3986bpragfjmr32gay8p95k91q4gy-glibc-2.33-47/lib/:/nix/store/4xs1xyj8728yvh9y5v6ji819kwgfy2fv-gcc-wrapper-10.3.0/bin/:/nix/store/dlni53myj53kx20pi4yhm7p68lw17b07-gcc-10.3.0/libexec/gcc/x86_64-unknown-linux-gnu/10.3.0/:/nix/store/dlni53myj53kx20pi4yhm7p68lw17b07-gcc-10.3.0/libexec/gcc/x86_64-unknown-linux-gnu/10.3.0/:/nix/store/dlni53myj53kx20pi4yhm7p68lw17b07-gcc-10.3.0/libexec/gcc/x86_64-unknown-linux-gnu/:/nix/store/dlni53myj53kx20pi4yhm7p68lw17b07-gcc-10.3.0/lib/gcc/x86_64-unknown-linux-gnu/10.3.0/:/nix/store/dlni53myj53kx20pi4yhm7p68lw17b07-gcc-10.3.0/lib/gcc/x86_64-unknown-linux-gnu/
LIBRARY_PATH=/nix/store/0kiykyrnrpfhmjwxwx89kxr20hmf5304-gcc-10.3.0-lib/lib/:/nix/store/9bh3986bpragfjmr32gay8p95k91q4gy-glibc-2.33-47/lib/:/nix/store/4xs1xyj8728yvh9y5v6ji819kwgfy2fv-gcc-wrapper-10.3.0/bin/:/nix/store/dlni53myj53kx20pi4yhm7p68lw17b07-gcc-10.3.0/lib/gcc/x86_64-unknown-linux-gnu/10.3.0/:/nix/store/dlni53myj53kx20pi4yhm7p68lw17b07-gcc-10.3.0/lib/gcc/x86_64-unknown-linux-gnu/10.3.0/../../../../lib64/:/nix/store/dlni53myj53kx20pi4yhm7p68lw17b07-gcc-10.3.0/lib/gcc/x86_64-unknown-linux-gnu/10.3.0/../../../
COLLECT_GCC_OPTIONS='-O2' '-D' '_FORTIFY_SOURCE=2' '-fstack-protector-strong' '--param=ssp-buffer-size=4' '-fno-strict-overflow' '-Wformat=1' '-Wformat-security' '-Werror=format-security' '-fPIC' '-v' '-o' 'CMakeFiles/cmTC_3c32d.dir/CMakeCXXCompilerABI.cpp.o' '-c' '-B' '/nix/store/0kiykyrnrpfhmjwxwx89kxr20hmf5304-gcc-10.3.0-lib/lib' '-B' '/nix/store/9bh3986bpragfjmr32gay8p95k91q4gy-glibc-2.33-47/lib/' '-idirafter' '/nix/store/iwd8ic5hhwdxn5dga0im55g5hjl270cd-glibc-2.33-47-dev/include' '-idirafter' '/nix/store/dlni53myj53kx20pi4yhm7p68lw17b07-gcc-10.3.0/lib/gcc/x86_64-unknown-linux-gnu/10.3.0/include-fixed' '-B' '/nix/store/4xs1xyj8728yvh9y5v6ji819kwgfy2fv-gcc-wrapper-10.3.0/bin/' '-frandom-seed=xp9l3142sm' '-isystem' '/nix/store/xg2kmqmmdb421ff9wi8s2a3pz8rm4xcn-aspell-0.60.8/include' '-isystem' '/nix/store/wx014fbhv8ssxbn076skz4rwn55qcgpd-gdb-10.2/include' '-isystem' '/nix/store/kv7gdfwfv63vbih3q08ldvrclhhd6j20-compiler-rt-libc-12.0.1-dev/include' '-isystem' '/nix/store/xg2kmqmmdb421ff9wi8s2a3pz8rm4xcn-aspell-0.60.8/include' '-isystem' '/nix/store/wx014fbhv8ssxbn076skz4rwn55qcgpd-gdb-10.2/include' '-isystem' '/nix/store/kv7gdfwfv63vbih3q08ldvrclhhd6j20-compiler-rt-libc-12.0.1-dev/include' '-isystem' '/nix/store/xg2kmqmmdb421ff9wi8s2a3pz8rm4xcn-aspell-0.60.8/include' '-isystem' '/nix/store/wx014fbhv8ssxbn076skz4rwn55qcgpd-gdb-10.2/include' '-isystem' '/nix/store/kv7gdfwfv63vbih3q08ldvrclhhd6j20-compiler-rt-libc-12.0.1-dev/include' '-shared-libgcc' '-mtune=generic' '-march=x86-64' '-fcommon'
Linking CXX executable cmTC_3c32d
/nix/store/cbxqzxwlga5pm9rk8qa8fgv5387r540l-cmake-3.19.7/bin/cmake -E cmake_link_script CMakeFiles/cmTC_3c32d.dir/link.txt --verbose=1
/nix/store/4xs1xyj8728yvh9y5v6ji819kwgfy2fv-gcc-wrapper-10.3.0/bin/g++  -v -rdynamic CMakeFiles/cmTC_3c32d.dir/CMakeCXXCompilerABI.cpp.o -o cmTC_3c32d 
Using built-in specs.
COLLECT_GCC=/nix/store/dlni53myj53kx20pi4yhm7p68lw17b07-gcc-10.3.0/bin/g++
COLLECT_LTO_WRAPPER=/nix/store/dlni53myj53kx20pi4yhm7p68lw17b07-gcc-10.3.0/libexec/gcc/x86_64-unknown-linux-gnu/10.3.0/lto-wrapper
Target: x86_64-unknown-linux-gnu
Configured with: 
Thread model: posix
Supported LTO compression algorithms: zlib
gcc version 10.3.0 (GCC) 
COMPILER_PATH=/nix/store/0kiykyrnrpfhmjwxwx89kxr20hmf5304-gcc-10.3.0-lib/lib/:/nix/store/9bh3986bpragfjmr32gay8p95k91q4gy-glibc-2.33-47/lib/:/nix/store/4xs1xyj8728yvh9y5v6ji819kwgfy2fv-gcc-wrapper-10.3.0/bin/:/nix/store/dlni53myj53kx20pi4yhm7p68lw17b07-gcc-10.3.0/libexec/gcc/x86_64-unknown-linux-gnu/10.3.0/:/nix/store/dlni53myj53kx20pi4yhm7p68lw17b07-gcc-10.3.0/libexec/gcc/x86_64-unknown-linux-gnu/10.3.0/:/nix/store/dlni53myj53kx20pi4yhm7p68lw17b07-gcc-10.3.0/libexec/gcc/x86_64-unknown-linux-gnu/:/nix/store/dlni53myj53kx20pi4yhm7p68lw17b07-gcc-10.3.0/lib/gcc/x86_64-unknown-linux-gnu/10.3.0/:/nix/store/dlni53myj53kx20pi4yhm7p68lw17b07-gcc-10.3.0/lib/gcc/x86_64-unknown-linux-gnu/
LIBRARY_PATH=/nix/store/0kiykyrnrpfhmjwxwx89kxr20hmf5304-gcc-10.3.0-lib/lib/:/nix/store/9bh3986bpragfjmr32gay8p95k91q4gy-glibc-2.33-47/lib/:/nix/store/4xs1xyj8728yvh9y5v6ji819kwgfy2fv-gcc-wrapper-10.3.0/bin/:/nix/store/dlni53myj53kx20pi4yhm7p68lw17b07-gcc-10.3.0/lib/gcc/x86_64-unknown-linux-gnu/10.3.0/:/nix/store/dlni53myj53kx20pi4yhm7p68lw17b07-gcc-10.3.0/lib/gcc/x86_64-unknown-linux-gnu/10.3.0/../../../../lib64/:/nix/store/dlni53myj53kx20pi4yhm7p68lw17b07-gcc-10.3.0/lib/gcc/x86_64-unknown-linux-gnu/10.3.0/../../../
COLLECT_GCC_OPTIONS='-O2' '-D' '_FORTIFY_SOURCE=2' '-fstack-protector-strong' '--param=ssp-buffer-size=4' '-fno-strict-overflow' '-Wformat=1' '-Wformat-security' '-Werror=format-security' '-fPIC' '-v' '-rdynamic' '-o' 'cmTC_3c32d' '-B' '/nix/store/0kiykyrnrpfhmjwxwx89kxr20hmf5304-gcc-10.3.0-lib/lib' '-B' '/nix/store/9bh3986bpragfjmr32gay8p95k91q4gy-glibc-2.33-47/lib/' '-idirafter' '/nix/store/iwd8ic5hhwdxn5dga0im55g5hjl270cd-glibc-2.33-47-dev/include' '-idirafter' '/nix/store/dlni53myj53kx20pi4yhm7p68lw17b07-gcc-10.3.0/lib/gcc/x86_64-unknown-linux-gnu/10.3.0/include-fixed' '-B' '/nix/store/4xs1xyj8728yvh9y5v6ji819kwgfy2fv-gcc-wrapper-10.3.0/bin/' '-frandom-seed=xp9l3142sm' '-isystem' '/nix/store/xg2kmqmmdb421ff9wi8s2a3pz8rm4xcn-aspell-0.60.8/include' '-isystem' '/nix/store/wx014fbhv8ssxbn076skz4rwn55qcgpd-gdb-10.2/include' '-isystem' '/nix/store/kv7gdfwfv63vbih3q08ldvrclhhd6j20-compiler-rt-libc-12.0.1-dev/include' '-isystem' '/nix/store/xg2kmqmmdb421ff9wi8s2a3pz8rm4xcn-aspell-0.60.8/include' '-isystem' '/nix/store/wx014fbhv8ssxbn076skz4rwn55qcgpd-gdb-10.2/include' '-isystem' '/nix/store/kv7gdfwfv63vbih3q08ldvrclhhd6j20-compiler-rt-libc-12.0.1-dev/include' '-isystem' '/nix/store/xg2kmqmmdb421ff9wi8s2a3pz8rm4xcn-aspell-0.60.8/include' '-isystem' '/nix/store/wx014fbhv8ssxbn076skz4rwn55qcgpd-gdb-10.2/include' '-isystem' '/nix/store/kv7gdfwfv63vbih3q08ldvrclhhd6j20-compiler-rt-libc-12.0.1-dev/include' '-L/nix/store/xg2kmqmmdb421ff9wi8s2a3pz8rm4xcn-aspell-0.60.8/lib' '-L/nix/store/wx014fbhv8ssxbn076skz4rwn55qcgpd-gdb-10.2/lib' '-L/nix/store/xg2kmqmmdb421ff9wi8s2a3pz8rm4xcn-aspell-0.60.8/lib' '-L/nix/store/wx014fbhv8ssxbn076skz4rwn55qcgpd-gdb-10.2/lib' '-L/nix/store/xg2kmqmmdb421ff9wi8s2a3pz8rm4xcn-aspell-0.60.8/lib' '-L/nix/store/wx014fbhv8ssxbn076skz4rwn55qcgpd-gdb-10.2/lib' '-L/nix/store/9bh3986bpragfjmr32gay8p95k91q4gy-glibc-2.33-47/lib' '-L/nix/store/0kiykyrnrpfhmjwxwx89kxr20hmf5304-gcc-10.3.0-lib/lib' '-shared-libgcc' '-mtune=generic' '-march=x86-64' '-fcommon'
 /nix/store/dlni53myj53kx20pi4yhm7p68lw17b07-gcc-10.3.0/libexec/gcc/x86_64-unknown-linux-gnu/10.3.0/collect2 -plugin /nix/store/dlni53myj53kx20pi4yhm7p68lw17b07-gcc-10.3.0/libexec/gcc/x86_64-unknown-linux-gnu/10.3.0/liblto_plugin.so -plugin-opt=/nix/store/dlni53myj53kx20pi4yhm7p68lw17b07-gcc-10.3.0/libexec/gcc/x86_64-unknown-linux-gnu/10.3.0/lto-wrapper -plugin-opt=-fresolution=/tmp/ccFF5HXA.res -plugin-opt=-pass-through=-lgcc_s -plugin-opt=-pass-through=-lgcc -plugin-opt=-pass-through=-lc -plugin-opt=-pass-through=-lgcc_s -plugin-opt=-pass-through=-lgcc --eh-frame-hdr -m elf_x86_64 -export-dynamic -dynamic-linker /nix/store/9bh3986bpragfjmr32gay8p95k91q4gy-glibc-2.33-47/lib64/ld-linux-x86-64.so.2 -o cmTC_3c32d /nix/store/9bh3986bpragfjmr32gay8p95k91q4gy-glibc-2.33-47/lib/crt1.o /nix/store/9bh3986bpragfjmr32gay8p95k91q4gy-glibc-2.33-47/lib/crti.o /nix/store/dlni53myj53kx20pi4yhm7p68lw17b07-gcc-10.3.0/lib/gcc/x86_64-unknown-linux-gnu/10.3.0/crtbegin.o -L/nix/store/xg2kmqmmdb421ff9wi8s2a3pz8rm4xcn-aspell-0.60.8/lib -L/nix/store/wx014fbhv8ssxbn076skz4rwn55qcgpd-gdb-10.2/lib -L/nix/store/xg2kmqmmdb421ff9wi8s2a3pz8rm4xcn-aspell-0.60.8/lib -L/nix/store/wx014fbhv8ssxbn076skz4rwn55qcgpd-gdb-10.2/lib -L/nix/store/xg2kmqmmdb421ff9wi8s2a3pz8rm4xcn-aspell-0.60.8/lib -L/nix/store/wx014fbhv8ssxbn076skz4rwn55qcgpd-gdb-10.2/lib -L/nix/store/9bh3986bpragfjmr32gay8p95k91q4gy-glibc-2.33-47/lib -L/nix/store/0kiykyrnrpfhmjwxwx89kxr20hmf5304-gcc-10.3.0-lib/lib -L/nix/store/0kiykyrnrpfhmjwxwx89kxr20hmf5304-gcc-10.3.0-lib/lib -L/nix/store/9bh3986bpragfjmr32gay8p95k91q4gy-glibc-2.33-47/lib -L/nix/store/4xs1xyj8728yvh9y5v6ji819kwgfy2fv-gcc-wrapper-10.3.0/bin -L/nix/store/dlni53myj53kx20pi4yhm7p68lw17b07-gcc-10.3.0/lib/gcc/x86_64-unknown-linux-gnu/10.3.0 -L/nix/store/dlni53myj53kx20pi4yhm7p68lw17b07-gcc-10.3.0/lib/gcc/x86_64-unknown-linux-gnu/10.3.0/../../../../lib64 -L/nix/store/dlni53myj53kx20pi4yhm7p68lw17b07-gcc-10.3.0/lib/gcc/x86_64-unknown-linux-gnu/10.3.0/../../.. -dynamic-linker=/nix/store/9bh3986bpragfjmr32gay8p95k91q4gy-glibc-2.33-47/lib/ld-linux-x86-64.so.2 CMakeFiles/cmTC_3c32d.dir/CMakeCXXCompilerABI.cpp.o -rpath /nix/store/xp9l3142smifn33svvrydgsajpnr53qr-nix-shell/lib64 -rpath /nix/store/xp9l3142smifn33svvrydgsajpnr53qr-nix-shell/lib -lstdc++ -lm -lgcc_s -lgcc -lc -lgcc_s -lgcc /nix/store/dlni53myj53kx20pi4yhm7p68lw17b07-gcc-10.3.0/lib/gcc/x86_64-unknown-linux-gnu/10.3.0/crtend.o /nix/store/9bh3986bpragfjmr32gay8p95k91q4gy-glibc-2.33-47/lib/crtn.o
COLLECT_GCC_OPTIONS='-O2' '-D' '_FORTIFY_SOURCE=2' '-fstack-protector-strong' '--param=ssp-buffer-size=4' '-fno-strict-overflow' '-Wformat=1' '-Wformat-security' '-Werror=format-security' '-fPIC' '-v' '-rdynamic' '-o' 'cmTC_3c32d' '-B' '/nix/store/0kiykyrnrpfhmjwxwx89kxr20hmf5304-gcc-10.3.0-lib/lib' '-B' '/nix/store/9bh3986bpragfjmr32gay8p95k91q4gy-glibc-2.33-47/lib/' '-idirafter' '/nix/store/iwd8ic5hhwdxn5dga0im55g5hjl270cd-glibc-2.33-47-dev/include' '-idirafter' '/nix/store/dlni53myj53kx20pi4yhm7p68lw17b07-gcc-10.3.0/lib/gcc/x86_64-unknown-linux-gnu/10.3.0/include-fixed' '-B' '/nix/store/4xs1xyj8728yvh9y5v6ji819kwgfy2fv-gcc-wrapper-10.3.0/bin/' '-frandom-seed=xp9l3142sm' '-isystem' '/nix/store/xg2kmqmmdb421ff9wi8s2a3pz8rm4xcn-aspell-0.60.8/include' '-isystem' '/nix/store/wx014fbhv8ssxbn076skz4rwn55qcgpd-gdb-10.2/include' '-isystem' '/nix/store/kv7gdfwfv63vbih3q08ldvrclhhd6j20-compiler-rt-libc-12.0.1-dev/include' '-isystem' '/nix/store/xg2kmqmmdb421ff9wi8s2a3pz8rm4xcn-aspell-0.60.8/include' '-isystem' '/nix/store/wx014fbhv8ssxbn076skz4rwn55qcgpd-gdb-10.2/include' '-isystem' '/nix/store/kv7gdfwfv63vbih3q08ldvrclhhd6j20-compiler-rt-libc-12.0.1-dev/include' '-isystem' '/nix/store/xg2kmqmmdb421ff9wi8s2a3pz8rm4xcn-aspell-0.60.8/include' '-isystem' '/nix/store/wx014fbhv8ssxbn076skz4rwn55qcgpd-gdb-10.2/include' '-isystem' '/nix/store/kv7gdfwfv63vbih3q08ldvrclhhd6j20-compiler-rt-libc-12.0.1-dev/include' '-L/nix/store/xg2kmqmmdb421ff9wi8s2a3pz8rm4xcn-aspell-0.60.8/lib' '-L/nix/store/wx014fbhv8ssxbn076skz4rwn55qcgpd-gdb-10.2/lib' '-L/nix/store/xg2kmqmmdb421ff9wi8s2a3pz8rm4xcn-aspell-0.60.8/lib' '-L/nix/store/wx014fbhv8ssxbn076skz4rwn55qcgpd-gdb-10.2/lib' '-L/nix/store/xg2kmqmmdb421ff9wi8s2a3pz8rm4xcn-aspell-0.60.8/lib' '-L/nix/store/wx014fbhv8ssxbn076skz4rwn55qcgpd-gdb-10.2/lib' '-L/nix/store/9bh3986bpragfjmr32gay8p95k91q4gy-glibc-2.33-47/lib' '-L/nix/store/0kiykyrnrpfhmjwxwx89kxr20hmf5304-gcc-10.3.0-lib/lib' '-shared-libgcc' '-mtune=generic' '-march=x86-64' '-fcommon'
make[1]: Leaving directory '/home/runner/Caesar-Cipher-1-comp-339-439-ds-1/CMakeFiles/CMakeTmp'



Parsed CXX implicit include dir info from above output: rv=done
  found start of include info
  found start of implicit include info
    add: [/nix/store/xg2kmqmmdb421ff9wi8s2a3pz8rm4xcn-aspell-0.60.8/include]
    add: [/nix/store/wx014fbhv8ssxbn076skz4rwn55qcgpd-gdb-10.2/include]
    add: [/nix/store/kv7gdfwfv63vbih3q08ldvrclhhd6j20-compiler-rt-libc-12.0.1-dev/include]
    add: [/nix/store/dlni53myj53kx20pi4yhm7p68lw17b07-gcc-10.3.0/lib/gcc/x86_64-unknown-linux-gnu/10.3.0/../../../../include/c++/10.3.0]
    add: [/nix/store/dlni53myj53kx20pi4yhm7p68lw17b07-gcc-10.3.0/lib/gcc/x86_64-unknown-linux-gnu/10.3.0/../../../../include/c++/10.3.0/x86_64-unknown-linux-gnu]
    add: [/nix/store/dlni53myj53kx20pi4yhm7p68lw17b07-gcc-10.3.0/lib/gcc/x86_64-unknown-linux-gnu/10.3.0/../../../../include/c++/10.3.0/backward]
    add: [/nix/store/dlni53myj53kx20pi4yhm7p68lw17b07-gcc-10.3.0/lib/gcc/x86_64-unknown-linux-gnu/10.3.0/include]
    add: [/nix/store/dlni53myj53kx20pi4yhm7p68lw17b07-gcc-10.3.0/include]
    add: [/nix/store/dlni53myj53kx20pi4yhm7p68lw17b07-gcc-10.3.0/lib/gcc/x86_64-unknown-linux-gnu/10.3.0/include-fixed]
    add: [/nix/store/iwd8ic5hhwdxn5dga0im55g5hjl270cd-glibc-2.33-47-dev/include]
  end of search list found
  collapse include dir [/nix/store/xg2kmqmmdb421ff9wi8s2a3pz8rm4xcn-aspell-0.60.8/include] ==> [/nix/store/xg2kmqmmdb421ff9wi8s2a3pz8rm4xcn-aspell-0.60.8/include]
  collapse include dir [/nix/store/wx014fbhv8ssxbn076skz4rwn55qcgpd-gdb-10.2/include] ==> [/nix/store/wx014fbhv8ssxbn076skz4rwn55qcgpd-gdb-10.2/include]
  collapse include dir [/nix/store/kv7gdfwfv63vbih3q08ldvrclhhd6j20-compiler-rt-libc-12.0.1-dev/include] ==> [/nix/store/kv7gdfwfv63vbih3q08ldvrclhhd6j20-compiler-rt-libc-12.0.1-dev/include]
  collapse include dir [/nix/store/dlni53myj53kx20pi4yhm7p68lw17b07-gcc-10.3.0/lib/gcc/x86_64-unknown-linux-gnu/10.3.0/../../../../include/c++/10.3.0] ==> [/nix/store/dlni53myj53kx20pi4yhm7p68lw17b07-gcc-10.3.0/include/c++/10.3.0]
  collapse include dir [/nix/store/dlni53myj53kx20pi4yhm7p68lw17b07-gcc-10.3.0/lib/gcc/x86_64-unknown-linux-gnu/10.3.0/../../../../include/c++/10.3.0/x86_64-unknown-linux-gnu] ==> [/nix/store/dlni53myj53kx20pi4yhm7p68lw17b07-gcc-10.3.0/include/c++/10.3.0/x86_64-unknown-linux-gnu]
  collapse include dir [/nix/store/dlni53myj53kx20pi4yhm7p68lw17b07-gcc-10.3.0/lib/gcc/x86_64-unknown-linux-gnu/10.3.0/../../../../include/c++/10.3.0/backward] ==> [/nix/store/dlni53myj53kx20pi4yhm7p68lw17b07-gcc-10.3.0/include/c++/10.3.0/backward]
  collapse include dir [/nix/store/dlni53myj53kx20pi4yhm7p68lw17b07-gcc-10.3.0/lib/gcc/x86_64-unknown-linux-gnu/10.3.0/include] ==> [/nix/store/dlni53myj53kx20pi4yhm7p68lw17b07-gcc-10.3.0/lib/gcc/x86_64-unknown-linux-gnu/10.3.0/include]
  collapse include dir [/nix/store/dlni53myj53kx20pi4yhm7p68lw17b07-gcc-10.3.0/include] ==> [/nix/store/dlni53myj53kx20pi4yhm7p68lw17b07-gcc-10.3.0/include]
  collapse include dir [/nix/store/dlni53myj53kx20pi4yhm7p68lw17b07-gcc-10.3.0/lib/gcc/x86_64-unknown-linux-gnu/10.3.0/include-fixed] ==> [/nix/store/dlni53myj53kx20pi4yhm7p68lw17b07-gcc-10.3.0/lib/gcc/x86_64-unknown-linux-gnu/10.3.0/include-fixed]
  collapse include dir [/nix/store/iwd8ic5hhwdxn5dga0im55g5hjl270cd-glibc-2.33-47-dev/include] ==> [/nix/store/iwd8ic5hhwdxn5dga0im55g5hjl270cd-glibc-2.33-47-dev/include]
  implicit include dirs: [/nix/store/xg2kmqmmdb421ff9wi8s2a3pz8rm4xcn-aspell-0.60.8/include;/nix/store/wx014fbhv8ssxbn076skz4rwn55qcgpd-gdb-10.2/include;/nix/store/kv7gdfwfv63vbih3q08ldvrclhhd6j20-compiler-rt-libc-12.0.1-dev/include;/nix/store/dlni53myj53kx20pi4yhm7p68lw17b07-gcc-10.3.0/include/c++/10.3.0;/nix/store/dlni53myj53kx20pi4yhm7p68lw17b07-gcc-10.3.0/include/c++/10.3.0/x86_64-unknown-linux-gnu;/nix/store/dlni53myj53kx20pi4yhm7p68lw17b07-gcc-10.3.0/include/c++/10.3.0/backward;/nix/store/dlni53myj53kx20pi4yhm7p68lw17b07-gcc-10.3.0/lib/gcc/x86_64-unknown-linux-gnu/10.3.0/include;/nix/store/dlni53myj53kx20pi4yhm7p68lw17b07-gcc-10.3.0/include;/nix/store/dlni53myj53kx20pi4yhm7p68lw17b07-gcc-10.3.0/lib/gcc/x86_64-unknown-linux-gnu/10.3.0/include-fixed;/nix/store/iwd8ic5hhwdxn5dga0im55g5hjl270cd-glibc-2.33-47-dev/include]


Parsed CXX implicit link information from above output:
  link line regex: [^( *|.*[/\])(ld|CMAKE_LINK_STARTFILE-NOTFOUND|([^/\]+-)?ld|collect2)[^/\]*( |$)]
  ignore line: [Change Dir: /home/runner/Caesar-Cipher-1-comp-339-439-ds-1/CMakeFiles/CMakeTmp]
  ignore line: []
  ignore line: [Run Build Command(s):/nix/store/pvkiiw0mp1yx0b21b7k105yywccychgh-gnumake-4.3/bin/make cmTC_3c32d/fast && /nix/store/pvkiiw0mp1yx0b21b7k105yywccychgh-gnumake-4.3/bin/make  -f CMakeFiles/cmTC_3c32d.dir/build.make CMakeFiles/cmTC_3c32d.dir/build]
  ignore line: [make[1]: Entering directory '/home/runner/Caesar-Cipher-1-comp-339-439-ds-1/CMakeFiles/CMakeTmp']
  ignore line: [Building CXX object CMakeFiles/cmTC_3c32d.dir/CMakeCXXCompilerABI.cpp.o]
  ignore line: [/nix/store/4xs1xyj8728yvh9y5v6ji819kwgfy2fv-gcc-wrapper-10.3.0/bin/g++   -v -o CMakeFiles/cmTC_3c32d.dir/CMakeCXXCompilerABI.cpp.o -c /nix/store/cbxqzxwlga5pm9rk8qa8fgv5387r540l-cmake-3.19.7/share/cmake-3.19/Modules/CMakeCXXCompilerABI.cpp]
  ignore line: [Using built-in specs.]
  ignore line: [COLLECT_GCC=/nix/store/dlni53myj53kx20pi4yhm7p68lw17b07-gcc-10.3.0/bin/g++]
  ignore line: [Target: x86_64-unknown-linux-gnu]
  ignore line: [Configured with: ]
  ignore line: [Thread model: posix]
  ignore line: [Supported LTO compression algorithms: zlib]
  ignore line: [gcc version 10.3.0 (GCC) ]
  ignore line: [COLLECT_GCC_OPTIONS='-O2' '-D' '_FORTIFY_SOURCE=2' '-fstack-protector-strong' '--param=ssp-buffer-size=4' '-fno-strict-overflow' '-Wformat=1' '-Wformat-security' '-Werror=format-security' '-fPIC' '-v' '-o' 'CMakeFiles/cmTC_3c32d.dir/CMakeCXXCompilerABI.cpp.o' '-c' '-B' '/nix/store/0kiykyrnrpfhmjwxwx89kxr20hmf5304-gcc-10.3.0-lib/lib' '-B' '/nix/store/9bh3986bpragfjmr32gay8p95k91q4gy-glibc-2.33-47/lib/' '-idirafter' '/nix/store/iwd8ic5hhwdxn5dga0im55g5hjl270cd-glibc-2.33-47-dev/include' '-idirafter' '/nix/store/dlni53myj53kx20pi4yhm7p68lw17b07-gcc-10.3.0/lib/gcc/x86_64-unknown-linux-gnu/10.3.0/include-fixed' '-B' '/nix/store/4xs1xyj8728yvh9y5v6ji819kwgfy2fv-gcc-wrapper-10.3.0/bin/' '-frandom-seed=xp9l3142sm' '-isystem' '/nix/store/xg2kmqmmdb421ff9wi8s2a3pz8rm4xcn-aspell-0.60.8/include' '-isystem' '/nix/store/wx014fbhv8ssxbn076skz4rwn55qcgpd-gdb-10.2/include' '-isystem' '/nix/store/kv7gdfwfv63vbih3q08ldvrclhhd6j20-compiler-rt-libc-12.0.1-dev/include' '-isystem' '/nix/store/xg2kmqmmdb421ff9wi8s2a3pz8rm4xcn-aspell-0.60.8/include' '-isystem' '/nix/store/wx014fbhv8ssxbn076skz4rwn55qcgpd-gdb-10.2/include' '-isystem' '/nix/store/kv7gdfwfv63vbih3q08ldvrclhhd6j20-compiler-rt-libc-12.0.1-dev/include' '-isystem' '/nix/store/xg2kmqmmdb421ff9wi8s2a3pz8rm4xcn-aspell-0.60.8/include' '-isystem' '/nix/store/wx014fbhv8ssxbn076skz4rwn55qcgpd-gdb-10.2/include' '-isystem' '/nix/store/kv7gdfwfv63vbih3q08ldvrclhhd6j20-compiler-rt-libc-12.0.1-dev/include' '-shared-libgcc' '-mtune=generic' '-march=x86-64' '-fcommon']
  ignore line: [ /nix/store/dlni53myj53kx20pi4yhm7p68lw17b07-gcc-10.3.0/libexec/gcc/x86_64-unknown-linux-gnu/10.3.0/cc1plus -quiet -v -D_GNU_SOURCE -D _FORTIFY_SOURCE=2 -idirafter /nix/store/iwd8ic5hhwdxn5dga0im55g5hjl270cd-glibc-2.33-47-dev/include -idirafter /nix/store/dlni53myj53kx20pi4yhm7p68lw17b07-gcc-10.3.0/lib/gcc/x86_64-unknown-linux-gnu/10.3.0/include-fixed -isystem /nix/store/xg2kmqmmdb421ff9wi8s2a3pz8rm4xcn-aspell-0.60.8/include -isystem /nix/store/wx014fbhv8ssxbn076skz4rwn55qcgpd-gdb-10.2/include -isystem /nix/store/kv7gdfwfv63vbih3q08ldvrclhhd6j20-compiler-rt-libc-12.0.1-dev/include -isystem /nix/store/xg2kmqmmdb421ff9wi8s2a3pz8rm4xcn-aspell-0.60.8/include -isystem /nix/store/wx014fbhv8ssxbn076skz4rwn55qcgpd-gdb-10.2/include -isystem /nix/store/kv7gdfwfv63vbih3q08ldvrclhhd6j20-compiler-rt-libc-12.0.1-dev/include -isystem /nix/store/xg2kmqmmdb421ff9wi8s2a3pz8rm4xcn-aspell-0.60.8/include -isystem /nix/store/wx014fbhv8ssxbn076skz4rwn55qcgpd-gdb-10.2/include -isystem /nix/store/kv7gdfwfv63vbih3q08ldvrclhhd6j20-compiler-rt-libc-12.0.1-dev/include /nix/store/cbxqzxwlga5pm9rk8qa8fgv5387r540l-cmake-3.19.7/share/cmake-3.19/Modules/CMakeCXXCompilerABI.cpp -quiet -dumpbase CMakeCXXCompilerABI.cpp -mtune=generic -march=x86-64 -auxbase-strip CMakeFiles/cmTC_3c32d.dir/CMakeCXXCompilerABI.cpp.o -O2 -Wformat=1 -Wformat-security -Werror=format-security -version -fstack-protector-strong -fno-strict-overflow -fPIC -frandom-seed=xp9l3142sm -fcommon --param=ssp-buffer-size=4 -o /tmp/cctn5F16.s]
  ignore line: [GNU C++14 (GCC) version 10.3.0 (x86_64-unknown-linux-gnu)]
  ignore line: [	compiled by GNU C version 10.3.0  GMP version 6.2.1  MPFR version 4.1.0  MPC version 1.2.1  isl version isl-0.20-GMP]
  ignore line: []
  ignore line: [GGC heuristics: --param ggc-min-expand=100 --param ggc-min-heapsize=131072]
  ignore line: [ignoring duplicate directory "/nix/store/xg2kmqmmdb421ff9wi8s2a3pz8rm4xcn-aspell-0.60.8/include"]
  ignore line: [ignoring duplicate directory "/nix/store/wx014fbhv8ssxbn076skz4rwn55qcgpd-gdb-10.2/include"]
  ignore line: [ignoring duplicate directory "/nix/store/kv7gdfwfv63vbih3q08ldvrclhhd6j20-compiler-rt-libc-12.0.1-dev/include"]
  ignore line: [ignoring duplicate directory "/nix/store/xg2kmqmmdb421ff9wi8s2a3pz8rm4xcn-aspell-0.60.8/include"]
  ignore line: [ignoring duplicate directory "/nix/store/wx014fbhv8ssxbn076skz4rwn55qcgpd-gdb-10.2/include"]
  ignore line: [ignoring duplicate directory "/nix/store/kv7gdfwfv63vbih3q08ldvrclhhd6j20-compiler-rt-libc-12.0.1-dev/include"]
  ignore line: [ignoring nonexistent directory "/nix/store/dlni53myj53kx20pi4yhm7p68lw17b07-gcc-10.3.0/lib/gcc/x86_64-unknown-linux-gnu/10.3.0/../../../../x86_64-unknown-linux-gnu/include"]
  ignore line: [ignoring duplicate directory "/nix/store/iwd8ic5hhwdxn5dga0im55g5hjl270cd-glibc-2.33-47-dev/include"]
  ignore line: [ignoring duplicate directory "/nix/store/dlni53myj53kx20pi4yhm7p68lw17b07-gcc-10.3.0/lib/gcc/x86_64-unknown-linux-gnu/10.3.0/include-fixed"]
  ignore line: [#include "..." search starts here:]
  ignore line: [#include <...> search starts here:]
  ignore line: [ /nix/store/xg2kmqmmdb421ff9wi8s2a3pz8rm4xcn-aspell-0.60.8/include]
  ignore line: [ /nix/store/wx014fbhv8ssxbn076skz4rwn55qcgpd-gdb-10.2/include]
  ignore line: [ /nix/store/kv7gdfwfv63vbih3q08ldvrclhhd6j20-compiler-rt-libc-12.0.1-dev/include]
  ignore line: [ /nix/store/dlni53myj53kx20pi4yhm7p68lw17b07-gcc-10.3.0/lib/gcc/x86_64-unknown-linux-gnu/10.3.0/../../../../include/c++/10.3.0]
  ignore line: [ /nix/store/dlni53myj53kx20pi4yhm7p68lw17b07-gcc-10.3.0/lib/gcc/x86_64-unknown-linux-gnu/10.3.0/../../../../include/c++/10.3.0/x86_64-unknown-linux-gnu]
  ignore line: [ /nix/store/dlni53myj53kx20pi4yhm7p68lw17b07-gcc-10.3.0/lib/gcc/x86_64-unknown-linux-gnu/10.3.0/../../../../include/c++/10.3.0/backward]
  ignore line: [ /nix/store/dlni53myj53kx20pi4yhm7p68lw17b07-gcc-10.3.0/lib/gcc/x86_64-unknown-linux-gnu/10.3.0/include]
  ignore line: [ /nix/store/dlni53myj53kx20pi4yhm7p68lw17b07-gcc-10.3.0/include]
  ignore line: [ /nix/store/dlni53myj53kx20pi4yhm7p68lw17b07-gcc-10.3.0/lib/gcc/x86_64-unknown-linux-gnu/10.3.0/include-fixed]
  ignore line: [ /nix/store/iwd8ic5hhwdxn5dga0im55g5hjl270cd-glibc-2.33-47-dev/include]
  ignore line: [End of search list.]
  ignore line: [GNU C++14 (GCC) version 10.3.0 (x86_64-unknown-linux-gnu)]
  ignore line: [	compiled by GNU C version 10.3.0  GMP version 6.2.1  MPFR version 4.1.0  MPC version 1.2.1  isl version isl-0.20-GMP]
  ignore line: []
  ignore line: [GGC heuristics: --param ggc-min-expand=100 --param ggc-min-heapsize=131072]
  ignore line: [Compiler executable checksum: 18d7017847d8829a5e71125b12bb1fcc]
  ignore line: [COLLECT_GCC_OPTIONS='-O2' '-D' '_FORTIFY_SOURCE=2' '-fstack-protector-strong' '--param=ssp-buffer-size=4' '-fno-strict-overflow' '-Wformat=1' '-Wformat-security' '-Werror=format-security' '-fPIC' '-v' '-o' 'CMakeFiles/cmTC_3c32d.dir/CMakeCXXCompilerABI.cpp.o' '-c' '-B' '/nix/store/0kiykyrnrpfhmjwxwx89kxr20hmf5304-gcc-10.3.0-lib/lib' '-B' '/nix/store/9bh3986bpragfjmr32gay8p95k91q4gy-glibc-2.33-47/lib/' '-idirafter' '/nix/store/iwd8ic5hhwdxn5dga0im55g5hjl270cd-glibc-2.33-47-dev/include' '-idirafter' '/nix/store/dlni53myj53kx20pi4yhm7p68lw17b07-gcc-10.3.0/lib/gcc/x86_64-unknown-linux-gnu/10.3.0/include-fixed' '-B' '/nix/store/4xs1xyj8728yvh9y5v6ji819kwgfy2fv-gcc-wrapper-10.3.0/bin/' '-frandom-seed=xp9l3142sm' '-isystem' '/nix/store/xg2kmqmmdb421ff9wi8s2a3pz8rm4xcn-aspell-0.60.8/include' '-isystem' '/nix/store/wx014fbhv8ssxbn076skz4rwn55qcgpd-gdb-10.2/include' '-isystem' '/nix/store/kv7gdfwfv63vbih3q08ldvrclhhd6j20-compiler-rt-libc-12.0.1-dev/include' '-isystem' '/nix/store/xg2kmqmmdb421ff9wi8s2a3pz8rm4xcn-aspell-0.60.8/include' '-isystem' '/nix/store/wx014fbhv8ssxbn076skz4rwn55qcgpd-gdb-10.2/include' '-isystem' '/nix/store/kv7gdfwfv63vbih3q08ldvrclhhd6j20-compiler-rt-libc-12.0.1-dev/include' '-isystem' '/nix/store/xg2kmqmmdb421ff9wi8s2a3pz8rm4xcn-aspell-0.60.8/include' '-isystem' '/nix/store/wx014fbhv8ssxbn076skz4rwn55qcgpd-gdb-10.2/include' '-isystem' '/nix/store/kv7gdfwfv63vbih3q08ldvrclhhd6j20-compiler-rt-libc-12.0.1-dev/include' '-shared-libgcc' '-mtune=generic' '-march=x86-64' '-fcommon']
  ignore line: [ /nix/store/4xs1xyj8728yvh9y5v6ji819kwgfy2fv-gcc-wrapper-10.3.0/bin/as -v --64 -o CMakeFiles/cmTC_3c32d.dir/CMakeCXXCompilerABI.cpp.o /tmp/cctn5F16.s]
  ignore line: [GNU assembler version 2.35.1 (x86_64-unknown-linux-gnu) using BFD version (GNU Binutils) 2.35.1]
  ignore line: [COMPILER_PATH=/nix/store/0kiykyrnrpfhmjwxwx89kxr20hmf5304-gcc-10.3.0-lib/lib/:/nix/store/9bh3986bpragfjmr32gay8p95k91q4gy-glibc-2.33-47/lib/:/nix/store/4xs1xyj8728yvh9y5v6ji819kwgfy2fv-gcc-wrapper-10.3.0/bin/:/nix/store/dlni53myj53kx20pi4yhm7p68lw17b07-gcc-10.3.0/libexec/gcc/x86_64-unknown-linux-gnu/10.3.0/:/nix/store/dlni53myj53kx20pi4yhm7p68lw17b07-gcc-10.3.0/libexec/gcc/x86_64-unknown-linux-gnu/10.3.0/:/nix/store/dlni53myj53kx20pi4yhm7p68lw17b07-gcc-10.3.0/libexec/gcc/x86_64-unknown-linux-gnu/:/nix/store/dlni53myj53kx20pi4yhm7p68lw17b07-gcc-10.3.0/lib/gcc/x86_64-unknown-linux-gnu/10.3.0/:/nix/store/dlni53myj53kx20pi4yhm7p68lw17b07-gcc-10.3.0/lib/gcc/x86_64-unknown-linux-gnu/]
  ignore line: [LIBRARY_PATH=/nix/store/0kiykyrnrpfhmjwxwx89kxr20hmf5304-gcc-10.3.0-lib/lib/:/nix/store/9bh3986bpragfjmr32gay8p95k91q4gy-glibc-2.33-47/lib/:/nix/store/4xs1xyj8728yvh9y5v6ji819kwgfy2fv-gcc-wrapper-10.3.0/bin/:/nix/store/dlni53myj53kx20pi4yhm7p68lw17b07-gcc-10.3.0/lib/gcc/x86_64-unknown-linux-gnu/10.3.0/:/nix/store/dlni53myj53kx20pi4yhm7p68lw17b07-gcc-10.3.0/lib/gcc/x86_64-unknown-linux-gnu/10.3.0/../../../../lib64/:/nix/store/dlni53myj53kx20pi4yhm7p68lw17b07-gcc-10.3.0/lib/gcc/x86_64-unknown-linux-gnu/10.3.0/../../../]
  ignore line: [COLLECT_GCC_OPTIONS='-O2' '-D' '_FORTIFY_SOURCE=2' '-fstack-protector-strong' '--param=ssp-buffer-size=4' '-fno-strict-overflow' '-Wformat=1' '-Wformat-security' '-Werror=format-security' '-fPIC' '-v' '-o' 'CMakeFiles/cmTC_3c32d.dir/CMakeCXXCompilerABI.cpp.o' '-c' '-B' '/nix/store/0kiykyrnrpfhmjwxwx89kxr20hmf5304-gcc-10.3.0-lib/lib' '-B' '/nix/store/9bh3986bpragfjmr32gay8p95k91q4gy-glibc-2.33-47/lib/' '-idirafter' '/nix/store/iwd8ic5hhwdxn5dga0im55g5hjl270cd-glibc-2.33-47-dev/include' '-idirafter' '/nix/store/dlni53myj53kx20pi4yhm7p68lw17b07-gcc-10.3.0/lib/gcc/x86_64-unknown-linux-gnu/10.3.0/include-fixed' '-B' '/nix/store/4xs1xyj8728yvh9y5v6ji819kwgfy2fv-gcc-wrapper-10.3.0/bin/' '-frandom-seed=xp9l3142sm' '-isystem' '/nix/store/xg2kmqmmdb421ff9wi8s2a3pz8rm4xcn-aspell-0.60.8/include' '-isystem' '/nix/store/wx014fbhv8ssxbn076skz4rwn55qcgpd-gdb-10.2/include' '-isystem' '/nix/store/kv7gdfwfv63vbih3q08ldvrclhhd6j20-compiler-rt-libc-12.0.1-dev/include' '-isystem' '/nix/store/xg2kmqmmdb421ff9wi8s2a3pz8rm4xcn-aspell-0.60.8/include' '-isystem' '/nix/store/wx014fbhv8ssxbn076skz4rwn55qcgpd-gdb-10.2/include' '-isystem' '/nix/store/kv7gdfwfv63vbih3q08ldvrclhhd6j20-compiler-rt-libc-12.0.1-dev/include' '-isystem' '/nix/store/xg2kmqmmdb421ff9wi8s2a3pz8rm4xcn-aspell-0.60.8/include' '-isystem' '/nix/store/wx014fbhv8ssxbn076skz4rwn55qcgpd-gdb-10.2/include' '-isystem' '/nix/store/kv7gdfwfv63vbih3q08ldvrclhhd6j20-compiler-rt-libc-12.0.1-dev/include' '-shared-libgcc' '-mtune=generic' '-march=x86-64' '-fcommon']
  ignore line: [Linking CXX executable cmTC_3c32d]
  ignore line: [/nix/store/cbxqzxwlga5pm9rk8qa8fgv5387r540l-cmake-3.19.7/bin/cmake -E cmake_link_script CMakeFiles/cmTC_3c32d.dir/link.txt --verbose=1]
  ignore line: [/nix/store/4xs1xyj8728yvh9y5v6ji819kwgfy2fv-gcc-wrapper-10.3.0/bin/g++  -v -rdynamic CMakeFiles/cmTC_3c32d.dir/CMakeCXXCompilerABI.cpp.o -o cmTC_3c32d ]
  ignore line: [Using built-in specs.]
  ignore line: [COLLECT_GCC=/nix/store/dlni53myj53kx20pi4yhm7p68lw17b07-gcc-10.3.0/bin/g++]
  ignore line: [COLLECT_LTO_WRAPPER=/nix/store/dlni53myj53kx20pi4yhm7p68lw17b07-gcc-10.3.0/libexec/gcc/x86_64-unknown-linux-gnu/10.3.0/lto-wrapper]
  ignore line: [Target: x86_64-unknown-linux-gnu]
  ignore line: [Configured with: ]
  ignore line: [Thread model: posix]
  ignore line: [Supported LTO compression algorithms: zlib]
  ignore line: [gcc version 10.3.0 (GCC) ]
  ignore line: [COMPILER_PATH=/nix/store/0kiykyrnrpfhmjwxwx89kxr20hmf5304-gcc-10.3.0-lib/lib/:/nix/store/9bh3986bpragfjmr32gay8p95k91q4gy-glibc-2.33-47/lib/:/nix/store/4xs1xyj8728yvh9y5v6ji819kwgfy2fv-gcc-wrapper-10.3.0/bin/:/nix/store/dlni53myj53kx20pi4yhm7p68lw17b07-gcc-10.3.0/libexec/gcc/x86_64-unknown-linux-gnu/10.3.0/:/nix/store/dlni53myj53kx20pi4yhm7p68lw17b07-gcc-10.3.0/libexec/gcc/x86_64-unknown-linux-gnu/10.3.0/:/nix/store/dlni53myj53kx20pi4yhm7p68lw17b07-gcc-10.3.0/libexec/gcc/x86_64-unknown-linux-gnu/:/nix/store/dlni53myj53kx20pi4yhm7p68lw17b07-gcc-10.3.0/lib/gcc/x86_64-unknown-linux-gnu/10.3.0/:/nix/store/dlni53myj53kx20pi4yhm7p68lw17b07-gcc-10.3.0/lib/gcc/x86_64-unknown-linux-gnu/]
  ignore line: [LIBRARY_PATH=/nix/store/0kiykyrnrpfhmjwxwx89kxr20hmf5304-gcc-10.3.0-lib/lib/:/nix/store/9bh3986bpragfjmr32gay8p95k91q4gy-glibc-2.33-47/lib/:/nix/store/4xs1xyj8728yvh9y5v6ji819kwgfy2fv-gcc-wrapper-10.3.0/bin/:/nix/store/dlni53myj53kx20pi4yhm7p68lw17b07-gcc-10.3.0/lib/gcc/x86_64-unknown-linux-gnu/10.3.0/:/nix/store/dlni53myj53kx20pi4yhm7p68lw17b07-gcc-10.3.0/lib/gcc/x86_64-unknown-linux-gnu/10.3.0/../../../../lib64/:/nix/store/dlni53myj53kx20pi4yhm7p68lw17b07-gcc-10.3.0/lib/gcc/x86_64-unknown-linux-gnu/10.3.0/../../../]
  ignore line: [COLLECT_GCC_OPTIONS='-O2' '-D' '_FORTIFY_SOURCE=2' '-fstack-protector-strong' '--param=ssp-buffer-size=4' '-fno-strict-overflow' '-Wformat=1' '-Wformat-security' '-Werror=format-security' '-fPIC' '-v' '-rdynamic' '-o' 'cmTC_3c32d' '-B' '/nix/store/0kiykyrnrpfhmjwxwx89kxr20hmf5304-gcc-10.3.0-lib/lib' '-B' '/nix/store/9bh3986bpragfjmr32gay8p95k91q4gy-glibc-2.33-47/lib/' '-idirafter' '/nix/store/iwd8ic5hhwdxn5dga0im55g5hjl270cd-glibc-2.33-47-dev/include' '-idirafter' '/nix/store/dlni53myj53kx20pi4yhm7p68lw17b07-gcc-10.3.0/lib/gcc/x86_64-unknown-linux-gnu/10.3.0/include-fixed' '-B' '/nix/store/4xs1xyj8728yvh9y5v6ji819kwgfy2fv-gcc-wrapper-10.3.0/bin/' '-frandom-seed=xp9l3142sm' '-isystem' '/nix/store/xg2kmqmmdb421ff9wi8s2a3pz8rm4xcn-aspell-0.60.8/include' '-isystem' '/nix/store/wx014fbhv8ssxbn076skz4rwn55qcgpd-gdb-10.2/include' '-isystem' '/nix/store/kv7gdfwfv63vbih3q08ldvrclhhd6j20-compiler-rt-libc-12.0.1-dev/include' '-isystem' '/nix/store/xg2kmqmmdb421ff9wi8s2a3pz8rm4xcn-aspell-0.60.8/include' '-isystem' '/nix/store/wx014fbhv8ssxbn076skz4rwn55qcgpd-gdb-10.2/include' '-isystem' '/nix/store/kv7gdfwfv63vbih3q08ldvrclhhd6j20-compiler-rt-libc-12.0.1-dev/include' '-isystem' '/nix/store/xg2kmqmmdb421ff9wi8s2a3pz8rm4xcn-aspell-0.60.8/include' '-isystem' '/nix/store/wx014fbhv8ssxbn076skz4rwn55qcgpd-gdb-10.2/include' '-isystem' '/nix/store/kv7gdfwfv63vbih3q08ldvrclhhd6j20-compiler-rt-libc-12.0.1-dev/include' '-L/nix/store/xg2kmqmmdb421ff9wi8s2a3pz8rm4xcn-aspell-0.60.8/lib' '-L/nix/store/wx014fbhv8ssxbn076skz4rwn55qcgpd-gdb-10.2/lib' '-L/nix/store/xg2kmqmmdb421ff9wi8s2a3pz8rm4xcn-aspell-0.60.8/lib' '-L/nix/store/wx014fbhv8ssxbn076skz4rwn55qcgpd-gdb-10.2/lib' '-L/nix/store/xg2kmqmmdb421ff9wi8s2a3pz8rm4xcn-aspell-0.60.8/lib' '-L/nix/store/wx014fbhv8ssxbn076skz4rwn55qcgpd-gdb-10.2/lib' '-L/nix/store/9bh3986bpragfjmr32gay8p95k91q4gy-glibc-2.33-47/lib' '-L/nix/store/0kiykyrnrpfhmjwxwx89kxr20hmf5304-gcc-10.3.0-lib/lib' '-shared-libgcc' '-mtune=generic' '-march=x86-64' '-fcommon']
  link line: [ /nix/store/dlni53myj53kx20pi4yhm7p68lw17b07-gcc-10.3.0/libexec/gcc/x86_64-unknown-linux-gnu/10.3.0/collect2 -plugin /nix/store/dlni53myj53kx20pi4yhm7p68lw17b07-gcc-10.3.0/libexec/gcc/x86_64-unknown-linux-gnu/10.3.0/liblto_plugin.so -plugin-opt=/nix/store/dlni53myj53kx20pi4yhm7p68lw17b07-gcc-10.3.0/libexec/gcc/x86_64-unknown-linux-gnu/10.3.0/lto-wrapper -plugin-opt=-fresolution=/tmp/ccFF5HXA.res -plugin-opt=-pass-through=-lgcc_s -plugin-opt=-pass-through=-lgcc -plugin-opt=-pass-through=-lc -plugin-opt=-pass-through=-lgcc_s -plugin-opt=-pass-through=-lgcc --eh-frame-hdr -m elf_x86_64 -export-dynamic -dynamic-linker /nix/store/9bh3986bpragfjmr32gay8p95k91q4gy-glibc-2.33-47/lib64/ld-linux-x86-64.so.2 -o cmTC_3c32d /nix/store/9bh3986bpragfjmr32gay8p95k91q4gy-glibc-2.33-47/lib/crt1.o /nix/store/9bh3986bpragfjmr32gay8p95k91q4gy-glibc-2.33-47/lib/crti.o /nix/store/dlni53myj53kx20pi4yhm7p68lw17b07-gcc-10.3.0/lib/gcc/x86_64-unknown-linux-gnu/10.3.0/crtbegin.o -L/nix/store/xg2kmqmmdb421ff9wi8s2a3pz8rm4xcn-aspell-0.60.8/lib -L/nix/store/wx014fbhv8ssxbn076skz4rwn55qcgpd-gdb-10.2/lib -L/nix/store/xg2kmqmmdb421ff9wi8s2a3pz8rm4xcn-aspell-0.60.8/lib -L/nix/store/wx014fbhv8ssxbn076skz4rwn55qcgpd-gdb-10.2/lib -L/nix/store/xg2kmqmmdb421ff9wi8s2a3pz8rm4xcn-aspell-0.60.8/lib -L/nix/store/wx014fbhv8ssxbn076skz4rwn55qcgpd-gdb-10.2/lib -L/nix/store/9bh3986bpragfjmr32gay8p95k91q4gy-glibc-2.33-47/lib -L/nix/store/0kiykyrnrpfhmjwxwx89kxr20hmf5304-gcc-10.3.0-lib/lib -L/nix/store/0kiykyrnrpfhmjwxwx89kxr20hmf5304-gcc-10.3.0-lib/lib -L/nix/store/9bh3986bpragfjmr32gay8p95k91q4gy-glibc-2.33-47/lib -L/nix/store/4xs1xyj8728yvh9y5v6ji819kwgfy2fv-gcc-wrapper-10.3.0/bin -L/nix/store/dlni53myj53kx20pi4yhm7p68lw17b07-gcc-10.3.0/lib/gcc/x86_64-unknown-linux-gnu/10.3.0 -L/nix/store/dlni53myj53kx20pi4yhm7p68lw17b07-gcc-10.3.0/lib/gcc/x86_64-unknown-linux-gnu/10.3.0/../../../../lib64 -L/nix/store/dlni53myj53kx20pi4yhm7p68lw17b07-gcc-10.3.0/lib/gcc/x86_64-unknown-linux-gnu/10.3.0/../../.. -dynamic-linker=/nix/store/9bh3986bpragfjmr32gay8p95k91q4gy-glibc-2.33-47/lib/ld-linux-x86-64.so.2 CMakeFiles/cmTC_3c32d.dir/CMakeCXXCompilerABI.cpp.o -rpath /nix/store/xp9l3142smifn33svvrydgsajpnr53qr-nix-shell/lib64 -rpath /nix/store/xp9l3142smifn33svvrydgsajpnr53qr-nix-shell/lib -lstdc++ -lm -lgcc_s -lgcc -lc -lgcc_s -lgcc /nix/store/dlni53myj53kx20pi4yhm7p68lw17b07-gcc-10.3.0/lib/gcc/x86_64-unknown-linux-gnu/10.3.0/crtend.o /nix/store/9bh3986bpragfjmr32gay8p95k91q4gy-glibc-2.33-47/lib/crtn.o]
    arg [/nix/store/dlni53myj53kx20pi4yhm7p68lw17b07-gcc-10.3.0/libexec/gcc/x86_64-unknown-linux-gnu/10.3.0/collect2] ==> ignore
    arg [-plugin] ==> ignore
    arg [/nix/store/dlni53myj53kx20pi4yhm7p68lw17b07-gcc-10.3.0/libexec/gcc/x86_64-unknown-linux-gnu/10.3.0/liblto_plugin.so] ==> ignore
    arg [-plugin-opt=/nix/store/dlni53myj53kx20pi4yhm7p68lw17b07-gcc-10.3.0/libexec/gcc/x86_64-unknown-linux-gnu/10.3.0/lto-wrapper] ==> ignore
    arg [-plugin-opt=-fresolution=/tmp/ccFF5HXA.res] ==> ignore
    arg [-plugin-opt=-pass-through=-lgcc_s] ==> ignore
    arg [-plugin-opt=-pass-through=-lgcc] ==> ignore
    arg [-plugin-opt=-pass-through=-lc] ==> ignore
    arg [-plugin-opt=-pass-through=-lgcc_s] ==> ignore
    arg [-plugin-opt=-pass-through=-lgcc] ==> ignore
    arg [--eh-frame-hdr] ==> ignore
    arg [-m] ==> ignore
    arg [elf_x86_64] ==> ignore
    arg [-export-dynamic] ==> ignore
    arg [-dynamic-linker] ==> ignore
    arg [/nix/store/9bh3986bpragfjmr32gay8p95k91q4gy-glibc-2.33-47/lib64/ld-linux-x86-64.so.2] ==> ignore
    arg [-o] ==> ignore
    arg [cmTC_3c32d] ==> ignore
    arg [/nix/store/9bh3986bpragfjmr32gay8p95k91q4gy-glibc-2.33-47/lib/crt1.o] ==> ignore
    arg [/nix/store/9bh3986bpragfjmr32gay8p95k91q4gy-glibc-2.33-47/lib/crti.o] ==> ignore
    arg [/nix/store/dlni53myj53kx20pi4yhm7p68lw17b07-gcc-10.3.0/lib/gcc/x86_64-unknown-linux-gnu/10.3.0/crtbegin.o] ==> ignore
    arg [-L/nix/store/xg2kmqmmdb421ff9wi8s2a3pz8rm4xcn-aspell-0.60.8/lib] ==> dir [/nix/store/xg2kmqmmdb421ff9wi8s2a3pz8rm4xcn-aspell-0.60.8/lib]
    arg [-L/nix/store/wx014fbhv8ssxbn076skz4rwn55qcgpd-gdb-10.2/lib] ==> dir [/nix/store/wx014fbhv8ssxbn076skz4rwn55qcgpd-gdb-10.2/lib]
    arg [-L/nix/store/xg2kmqmmdb421ff9wi8s2a3pz8rm4xcn-aspell-0.60.8/lib] ==> dir [/nix/store/xg2kmqmmdb421ff9wi8s2a3pz8rm4xcn-aspell-0.60.8/lib]
    arg [-L/nix/store/wx014fbhv8ssxbn076skz4rwn55qcgpd-gdb-10.2/lib] ==> dir [/nix/store/wx014fbhv8ssxbn076skz4rwn55qcgpd-gdb-10.2/lib]
    arg [-L/nix/store/xg2kmqmmdb421ff9wi8s2a3pz8rm4xcn-aspell-0.60.8/lib] ==> dir [/nix/store/xg2kmqmmdb421ff9wi8s2a3pz8rm4xcn-aspell-0.60.8/lib]
    arg [-L/nix/store/wx014fbhv8ssxbn076skz4rwn55qcgpd-gdb-10.2/lib] ==> dir [/nix/store/wx014fbhv8ssxbn076skz4rwn55qcgpd-gdb-10.2/lib]
    arg [-L/nix/store/9bh3986bpragfjmr32gay8p95k91q4gy-glibc-2.33-47/lib] ==> dir [/nix/store/9bh3986bpragfjmr32gay8p95k91q4gy-glibc-2.33-47/lib]
    arg [-L/nix/store/0kiykyrnrpfhmjwxwx89kxr20hmf5304-gcc-10.3.0-lib/lib] ==> dir [/nix/store/0kiykyrnrpfhmjwxwx89kxr20hmf5304-gcc-10.3.0-lib/lib]
    arg [-L/nix/store/0kiykyrnrpfhmjwxwx89kxr20hmf5304-gcc-10.3.0-lib/lib] ==> dir [/nix/store/0kiykyrnrpfhmjwxwx89kxr20hmf5304-gcc-10.3.0-lib/lib]
    arg [-L/nix/store/9bh3986bpragfjmr32gay8p95k91q4gy-glibc-2.33-47/lib] ==> dir [/nix/store/9bh3986bpragfjmr32gay8p95k91q4gy-glibc-2.33-47/lib]
    arg [-L/nix/store/4xs1xyj8728yvh9y5v6ji819kwgfy2fv-gcc-wrapper-10.3.0/bin] ==> dir [/nix/store/4xs1xyj8728yvh9y5v6ji819kwgfy2fv-gcc-wrapper-10.3.0/bin]
    arg [-L/nix/store/dlni53myj53kx20pi4yhm7p68lw17b07-gcc-10.3.0/lib/gcc/x86_64-unknown-linux-gnu/10.3.0] ==> dir [/nix/store/dlni53myj53kx20pi4yhm7p68lw17b07-gcc-10.3.0/lib/gcc/x86_64-unknown-linux-gnu/10.3.0]
    arg [-L/nix/store/dlni53myj53kx20pi4yhm7p68lw17b07-gcc-10.3.0/lib/gcc/x86_64-unknown-linux-gnu/10.3.0/../../../../lib64] ==> dir [/nix/store/dlni53myj53kx20pi4yhm7p68lw17b07-gcc-10.3.0/lib/gcc/x86_64-unknown-linux-gnu/10.3.0/../../../../lib64]
    arg [-L/nix/store/dlni53myj53kx20pi4yhm7p68lw17b07-gcc-10.3.0/lib/gcc/x86_64-unknown-linux-gnu/10.3.0/../../..] ==> dir [/nix/store/dlni53myj53kx20pi4yhm7p68lw17b07-gcc-10.3.0/lib/gcc/x86_64-unknown-linux-gnu/10.3.0/../../..]
    arg [-dynamic-linker=/nix/store/9bh3986bpragfjmr32gay8p95k91q4gy-glibc-2.33-47/lib/ld-linux-x86-64.so.2] ==> ignore
    arg [CMakeFiles/cmTC_3c32d.dir/CMakeCXXCompilerABI.cpp.o] ==> ignore
    arg [-rpath] ==> ignore
    arg [/nix/store/xp9l3142smifn33svvrydgsajpnr53qr-nix-shell/lib64] ==> ignore
    arg [-rpath] ==> ignore
    arg [/nix/store/xp9l3142smifn33svvrydgsajpnr53qr-nix-shell/lib] ==> ignore
    arg [-lstdc++] ==> lib [stdc++]
    arg [-lm] ==> lib [m]
    arg [-lgcc_s] ==> lib [gcc_s]
    arg [-lgcc] ==> lib [gcc]
    arg [-lc] ==> lib [c]
    arg [-lgcc_s] ==> lib [gcc_s]
    arg [-lgcc] ==> lib [gcc]
    arg [/nix/store/dlni53myj53kx20pi4yhm7p68lw17b07-gcc-10.3.0/lib/gcc/x86_64-unknown-linux-gnu/10.3.0/crtend.o] ==> ignore
    arg [/nix/store/9bh3986bpragfjmr32gay8p95k91q4gy-glibc-2.33-47/lib/crtn.o] ==> ignore
  collapse library dir [/nix/store/xg2kmqmmdb421ff9wi8s2a3pz8rm4xcn-aspell-0.60.8/lib] ==> [/nix/store/xg2kmqmmdb421ff9wi8s2a3pz8rm4xcn-aspell-0.60.8/lib]
  collapse library dir [/nix/store/wx014fbhv8ssxbn076skz4rwn55qcgpd-gdb-10.2/lib] ==> [/nix/store/wx014fbhv8ssxbn076skz4rwn55qcgpd-gdb-10.2/lib]
  collapse library dir [/nix/store/xg2kmqmmdb421ff9wi8s2a3pz8rm4xcn-aspell-0.60.8/lib] ==> [/nix/store/xg2kmqmmdb421ff9wi8s2a3pz8rm4xcn-aspell-0.60.8/lib]
  collapse library dir [/nix/store/wx014fbhv8ssxbn076skz4rwn55qcgpd-gdb-10.2/lib] ==> [/nix/store/wx014fbhv8ssxbn076skz4rwn55qcgpd-gdb-10.2/lib]
  collapse library dir [/nix/store/xg2kmqmmdb421ff9wi8s2a3pz8rm4xcn-aspell-0.60.8/lib] ==> [/nix/store/xg2kmqmmdb421ff9wi8s2a3pz8rm4xcn-aspell-0.60.8/lib]
  collapse library dir [/nix/store/wx014fbhv8ssxbn076skz4rwn55qcgpd-gdb-10.2/lib] ==> [/nix/store/wx014fbhv8ssxbn076skz4rwn55qcgpd-gdb-10.2/lib]
  collapse library dir [/nix/store/9bh3986bpragfjmr32gay8p95k91q4gy-glibc-2.33-47/lib] ==> [/nix/store/9bh3986bpragfjmr32gay8p95k91q4gy-glibc-2.33-47/lib]
  collapse library dir [/nix/store/0kiykyrnrpfhmjwxwx89kxr20hmf5304-gcc-10.3.0-lib/lib] ==> [/nix/store/0kiykyrnrpfhmjwxwx89kxr20hmf5304-gcc-10.3.0-lib/lib]
  collapse library dir [/nix/store/0kiykyrnrpfhmjwxwx89kxr20hmf5304-gcc-10.3.0-lib/lib] ==> [/nix/store/0kiykyrnrpfhmjwxwx89kxr20hmf5304-gcc-10.3.0-lib/lib]
  collapse library dir [/nix/store/9bh3986bpragfjmr32gay8p95k91q4gy-glibc-2.33-47/lib] ==> [/nix/store/9bh3986bpragfjmr32gay8p95k91q4gy-glibc-2.33-47/lib]
  collapse library dir [/nix/store/4xs1xyj8728yvh9y5v6ji819kwgfy2fv-gcc-wrapper-10.3.0/bin] ==> [/nix/store/4xs1xyj8728yvh9y5v6ji819kwgfy2fv-gcc-wrapper-10.3.0/bin]
  collapse library dir [/nix/store/dlni53myj53kx20pi4yhm7p68lw17b07-gcc-10.3.0/lib/gcc/x86_64-unknown-linux-gnu/10.3.0] ==> [/nix/store/dlni53myj53kx20pi4yhm7p68lw17b07-gcc-10.3.0/lib/gcc/x86_64-unknown-linux-gnu/10.3.0]
  collapse library dir [/nix/store/dlni53myj53kx20pi4yhm7p68lw17b07-gcc-10.3.0/lib/gcc/x86_64-unknown-linux-gnu/10.3.0/../../../../lib64] ==> [/nix/store/dlni53myj53kx20pi4yhm7p68lw17b07-gcc-10.3.0/lib64]
  collapse library dir [/nix/store/dlni53myj53kx20pi4yhm7p68lw17b07-gcc-10.3.0/lib/gcc/x86_64-unknown-linux-gnu/10.3.0/../../..] ==> [/nix/store/dlni53myj53kx20pi4yhm7p68lw17b07-gcc-10.3.0/lib]
  implicit libs: [stdc++;m;gcc_s;gcc;c;gcc_s;gcc]
  implicit dirs: [/nix/store/xg2kmqmmdb421ff9wi8s2a3pz8rm4xcn-aspell-0.60.8/lib;/nix/store/wx014fbhv8ssxbn076skz4rwn55qcgpd-gdb-10.2/lib;/nix/store/9bh3986bpragfjmr32gay8p95k91q4gy-glibc-2.33-47/lib;/nix/store/0kiykyrnrpfhmjwxwx89kxr20hmf5304-gcc-10.3.0-lib/lib;/nix/store/4xs1xyj8728yvh9y5v6ji819kwgfy2fv-gcc-wrapper-10.3.0/bin;/nix/store/dlni53myj53kx20pi4yhm7p68lw17b07-gcc-10.3.0/lib/gcc/x86_64-unknown-linux-gnu/10.3.0;/nix/store/dlni53myj53kx20pi4yhm7p68lw17b07-gcc-10.3.0/lib64;/nix/store/dlni53myj53kx20pi4yhm7p68lw17b07-gcc-10.3.0/lib]
  implicit fwks: []


